<?xml version="1.0" encoding="UTF-8"?>
<testsuite xmlns:xsi="http://www.w3.org/2001/XMLSchema-instance" xsi:noNamespaceSchemaLocation="https://maven.apache.org/surefire/maven-surefire-plugin/xsd/surefire-test-report-3.0.xsd" version="3.0" name="fr.uge.univ_eiffel.mediators.OrderManagerTest" time="0.011" tests="2" errors="0" skipped="0" failures="0">
  <properties>
[...]
</properties>
  <testcase name="parseSolutionCounts_ShouldAggregateBricksCorrectly" classname="fr.uge.univ_eiffel.mediators.OrderManagerTest" time="0.006"/>
  <testcase name="parseSolutionCounts_ShouldHandleMissingFile_Gracefully" classname="fr.uge.univ_eiffel.mediators.OrderManagerTest" time="0.003">
    <system-err><![CDATA[Error parsing solution file: C:\Users\vibol\AppData\Local\Temp\junit6658824217006447743\ghost_file.txt (Le fichier spécifié est introuvable)
]]></system-err>
  </testcase>
</testsuite>